<?xml version="1.0" encoding="UTF-8"?>
<coverage generated="1720709762474" clover="3.2.0">
  <project timestamp="1720709762474" name="All files">
    <metrics statements="7" coveredstatements="7" conditionals="0" coveredconditionals="0" methods="2" coveredmethods="2" elements="9" coveredelements="9" complexity="0" loc="7" ncloc="7" packages="2" files="3" classes="3"/>
    <package name="api">
      <metrics statements="5" coveredstatements="5" conditionals="0" coveredconditionals="0" methods="1" coveredmethods="1"/>
      <file name="api_calls.js" path="C:\Users\chris\OneDrive\Desktop\python\book-exchange-web-app\frontend\src\api\api_calls.js">
        <metrics statements="3" coveredstatements="3" conditionals="0" coveredconditionals="0" methods="1" coveredmethods="1"/>
        <line num="5" count="1" type="stmt"/>
        <line num="6" count="2" type="stmt"/>
        <line num="10" count="2" type="stmt"/>
      </file>
      <file name="endpoints.js" path="C:\Users\chris\OneDrive\Desktop\python\book-exchange-web-app\frontend\src\api\endpoints.js">
        <metrics statements="2" coveredstatements="2" conditionals="0" coveredconditionals="0" methods="0" coveredmethods="0"/>
        <line num="1" count="1" type="stmt"/>
        <line num="3" count="1" type="stmt"/>
      </file>
    </package>
    <package name="components.EyeFilledIcon">
      <metrics statements="2" coveredstatements="2" conditionals="0" coveredconditionals="0" methods="1" coveredmethods="1"/>
      <file name="EyeFilledIcon.jsx" path="C:\Users\chris\OneDrive\Desktop\python\book-exchange-web-app\frontend\src\components\EyeFilledIcon\EyeFilledIcon.jsx">
        <metrics statements="2" coveredstatements="2" conditionals="0" coveredconditionals="0" methods="1" coveredmethods="1"/>
        <line num="4" count="1" type="stmt"/>
        <line num="5" count="1" type="stmt"/>
      </file>
    </package>
  </project>
</coverage>
