{"C:\\Users\\chris\\OneDrive\\Desktop\\python\\book-exchange-web-app\\frontend\\src\\App.jsx": {"path":"C:\\Users\\chris\\OneDrive\\Desktop\\python\\book-exchange-web-app\\frontend\\src\\App.jsx","statementMap":{"0":{"start":{"line":5,"column":36},"end":{"line":5,"column":48}},"1":{"start":{"line":6,"column":36},"end":{"line":6,"column":48}},"2":{"start":{"line":7,"column":28},"end":{"line":7,"column":42}},"3":{"start":{"line":9,"column":4},"end":{"line":11,"column":5}}},"fnMap":{"0":{"name":"App","decl":{"start":{"line":4,"column":9},"end":{"line":4,"column":12}},"loc":{"start":{"line":4,"column":15},"end":{"line":12,"column":1}},"line":4}},"branchMap":{},"s":{"0":1,"1":1,"2":1,"3":1},"f":{"0":1},"b":{},"_coverageSchema":"1a1c01bbd47fc00a2c39e90264f33305004495a9","hash":"d647d271f657302000f461cd327a5e203fb99cfa"}
,"C:\\Users\\chris\\OneDrive\\Desktop\\python\\book-exchange-web-app\\frontend\\src\\api\\api_calls.js": {"path":"C:\\Users\\chris\\OneDrive\\Desktop\\python\\book-exchange-web-app\\frontend\\src\\api\\api_calls.js","statementMap":{"0":{"start":{"line":5,"column":21},"end":{"line":11,"column":1}},"1":{"start":{"line":6,"column":21},"end":{"line":9,"column":7}},"2":{"start":{"line":10,"column":4},"end":{"line":10,"column":25}}},"fnMap":{"0":{"name":"(anonymous_0)","decl":{"start":{"line":5,"column":21},"end":{"line":5,"column":22}},"loc":{"start":{"line":5,"column":44},"end":{"line":11,"column":1}},"line":5}},"branchMap":{},"s":{"0":1,"1":0,"2":0},"f":{"0":0},"b":{},"_coverageSchema":"1a1c01bbd47fc00a2c39e90264f33305004495a9","hash":"b3f67ee709c2b0d4daeeb29346a2571514d86bc6"}
,"C:\\Users\\chris\\OneDrive\\Desktop\\python\\book-exchange-web-app\\frontend\\src\\api\\endpoints.js": {"path":"C:\\Users\\chris\\OneDrive\\Desktop\\python\\book-exchange-web-app\\frontend\\src\\api\\endpoints.js","statementMap":{"0":{"start":{"line":1,"column":16},"end":{"line":1,"column":39}},"1":{"start":{"line":3,"column":29},"end":{"line":3,"column":52}}},"fnMap":{},"branchMap":{},"s":{"0":1,"1":1},"f":{},"b":{},"_coverageSchema":"1a1c01bbd47fc00a2c39e90264f33305004495a9","hash":"fac6019a60e024a0f7ba1cecf1d01b062762110e"}
,"C:\\Users\\chris\\OneDrive\\Desktop\\python\\book-exchange-web-app\\frontend\\src\\components\\login_form\\login_form.jsx": {"path":"C:\\Users\\chris\\OneDrive\\Desktop\\python\\book-exchange-web-app\\frontend\\src\\components\\login_form\\login_form.jsx","statementMap":{"0":{"start":{"line":5,"column":18},"end":{"line":43,"column":1}},"1":{"start":{"line":6,"column":24},"end":{"line":18,"column":5}},"2":{"start":{"line":7,"column":8},"end":{"line":7,"column":31}},"3":{"start":{"line":8,"column":8},"end":{"line":8,"column":60}},"4":{"start":{"line":9,"column":8},"end":{"line":17,"column":9}},"5":{"start":{"line":10,"column":31},"end":{"line":10,"column":64}},"6":{"start":{"line":11,"column":12},"end":{"line":11,"column":32}},"7":{"start":{"line":12,"column":12},"end":{"line":12,"column":28}},"8":{"start":{"line":13,"column":12},"end":{"line":13,"column":28}},"9":{"start":{"line":14,"column":12},"end":{"line":14,"column":44}},"10":{"start":{"line":16,"column":12},"end":{"line":16,"column":54}},"11":{"start":{"line":20,"column":4},"end":{"line":42,"column":5}},"12":{"start":{"line":28,"column":44},"end":{"line":28,"column":69}},"13":{"start":{"line":37,"column":44},"end":{"line":37,"column":69}}},"fnMap":{"0":{"name":"(anonymous_0)","decl":{"start":{"line":5,"column":18},"end":{"line":5,"column":19}},"loc":{"start":{"line":5,"column":85},"end":{"line":43,"column":1}},"line":5},"1":{"name":"(anonymous_1)","decl":{"start":{"line":6,"column":24},"end":{"line":6,"column":25}},"loc":{"start":{"line":6,"column":41},"end":{"line":18,"column":5}},"line":6},"2":{"name":"(anonymous_2)","decl":{"start":{"line":28,"column":30},"end":{"line":28,"column":31}},"loc":{"start":{"line":28,"column":44},"end":{"line":28,"column":69}},"line":28},"3":{"name":"(anonymous_3)","decl":{"start":{"line":37,"column":30},"end":{"line":37,"column":31}},"loc":{"start":{"line":37,"column":44},"end":{"line":37,"column":69}},"line":37}},"branchMap":{},"s":{"0":1,"1":1,"2":0,"3":0,"4":0,"5":0,"6":0,"7":0,"8":0,"9":0,"10":0,"11":1,"12":0,"13":0},"f":{"0":1,"1":0,"2":0,"3":0},"b":{},"_coverageSchema":"1a1c01bbd47fc00a2c39e90264f33305004495a9","hash":"8744df06139819bcd9591906f6dc1081b316e7a0"}
}
