{"C:\\Users\\chris\\OneDrive\\Desktop\\python\\book-exchange-web-app\\frontend\\src\\api\\api_calls.js": {"path":"C:\\Users\\chris\\OneDrive\\Desktop\\python\\book-exchange-web-app\\frontend\\src\\api\\api_calls.js","statementMap":{"0":{"start":{"line":5,"column":21},"end":{"line":11,"column":1}},"1":{"start":{"line":6,"column":21},"end":{"line":9,"column":7}},"2":{"start":{"line":10,"column":4},"end":{"line":10,"column":25}}},"fnMap":{"0":{"name":"(anonymous_0)","decl":{"start":{"line":5,"column":21},"end":{"line":5,"column":22}},"loc":{"start":{"line":5,"column":44},"end":{"line":11,"column":1}},"line":5}},"branchMap":{},"s":{"0":1,"1":2,"2":2},"f":{"0":2},"b":{},"_coverageSchema":"1a1c01bbd47fc00a2c39e90264f33305004495a9","hash":"b3f67ee709c2b0d4daeeb29346a2571514d86bc6"}
,"C:\\Users\\chris\\OneDrive\\Desktop\\python\\book-exchange-web-app\\frontend\\src\\api\\endpoints.js": {"path":"C:\\Users\\chris\\OneDrive\\Desktop\\python\\book-exchange-web-app\\frontend\\src\\api\\endpoints.js","statementMap":{"0":{"start":{"line":1,"column":16},"end":{"line":1,"column":39}},"1":{"start":{"line":3,"column":29},"end":{"line":3,"column":52}}},"fnMap":{},"branchMap":{},"s":{"0":1,"1":1},"f":{},"b":{},"_coverageSchema":"1a1c01bbd47fc00a2c39e90264f33305004495a9","hash":"fac6019a60e024a0f7ba1cecf1d01b062762110e"}
,"C:\\Users\\chris\\OneDrive\\Desktop\\python\\book-exchange-web-app\\frontend\\src\\components\\EyeFilledIcon\\EyeFilledIcon.jsx": {"path":"C:\\Users\\chris\\OneDrive\\Desktop\\python\\book-exchange-web-app\\frontend\\src\\components\\EyeFilledIcon\\EyeFilledIcon.jsx","statementMap":{"0":{"start":{"line":4,"column":29},"end":{"line":24,"column":1}},"1":{"start":{"line":5,"column":4},"end":{"line":23,"column":10}}},"fnMap":{"0":{"name":"(anonymous_0)","decl":{"start":{"line":4,"column":29},"end":{"line":4,"column":30}},"loc":{"start":{"line":5,"column":4},"end":{"line":23,"column":10}},"line":5}},"branchMap":{},"s":{"0":1,"1":1},"f":{"0":1},"b":{},"_coverageSchema":"1a1c01bbd47fc00a2c39e90264f33305004495a9","hash":"2a2df00c58baa744ee9a91404a87331ffc3886df"}
}
