TN:
SF:src\api\api_calls.js
FN:5,(anonymous_0)
FNF:1
FNH:1
FNDA:2,(anonymous_0)
DA:5,2
DA:6,2
DA:10,2
LF:3
LH:3
BRF:0
BRH:0
end_of_record
TN:
SF:src\api\endpoints.js
FNF:0
FNH:0
DA:1,2
DA:3,2
LF:2
LH:2
BRF:0
BRH:0
end_of_record
TN:
SF:src\components\EyeFilledIcon\EyeFilledIcon.jsx
FN:4,(anonymous_0)
FNF:1
FNH:1
FNDA:40,(anonymous_0)
DA:4,2
DA:5,40
LF:2
LH:2
BRF:0
BRH:0
end_of_record
TN:
SF:src\components\EyeSlashFilledIcon\EyeSlashFilledIcon.jsx
FN:3,(anonymous_0)
FNF:1
FNH:1
FNDA:1,(anonymous_0)
DA:3,2
DA:4,1
LF:2
LH:2
BRF:0
BRH:0
end_of_record
TN:
SF:src\components\LoginForm\LoginForm.jsx
FN:9,(anonymous_0)
FN:11,(anonymous_1)
FN:16,(anonymous_2)
FN:45,(anonymous_3)
FN:62,(anonymous_4)
FNF:5
FNH:4
FNDA:39,(anonymous_0)
FNDA:0,(anonymous_1)
FNDA:3,(anonymous_2)
FNDA:18,(anonymous_3)
FNDA:16,(anonymous_4)
DA:9,1
DA:10,39
DA:11,39
DA:12,39
DA:13,39
DA:16,39
DA:17,3
DA:18,3
DA:21,3
DA:23,1
DA:24,1
DA:26,2
DA:27,2
DA:28,1
DA:29,1
DA:30,1
DA:31,1
DA:33,1
DA:37,39
DA:45,18
DA:62,16
LF:21
LH:21
BRDA:21,0,0,1
BRDA:21,0,1,2
BRDA:21,1,0,3
BRDA:21,1,1,2
BRDA:53,2,0,0
BRDA:53,2,1,39
BRDA:60,3,0,0
BRDA:60,3,1,39
BRF:8
BRH:6
end_of_record
